2015-12-07 12:43:39,462 - INFO - Input Video: prof41945.sample1.mp4
2015-12-07 12:43:39,462 - INFO - Input XML  : /home/praveen/imageprocessing/trainingSet/pesit_civil_training.xml
2015-12-07 12:43:41,494 - INFO - Index Tags for Prof IDs: ['16673', '23881', '16674', '23897', '16669', '41961', '41453', '273', '41455', '41454', '41458', '41945', '268', '41452', '275']
2015-12-07 12:43:45,468 - INFO - SampleImageSize: 300x300
2015-12-07 12:45:36,983 - DEBUG - 	nbr_predicted_svm: 275
2015-12-07 12:45:36,983 - DEBUG - 	nbr_predicted: 41453
2015-12-07 12:45:36,983 - DEBUG - 	conf: 87.1194936701
2015-12-07 12:45:37,709 - DEBUG - 	nbr_predicted_svm: 41945
2015-12-07 12:45:37,709 - DEBUG - 	nbr_predicted: 41945
2015-12-07 12:45:37,710 - DEBUG - 	conf: 77.4983886196
2015-12-07 12:45:38,436 - DEBUG - 	nbr_predicted_svm: 41945
2015-12-07 12:45:38,436 - DEBUG - 	nbr_predicted: 41945
2015-12-07 12:45:38,436 - DEBUG - 	conf: 73.1178800783
2015-12-07 12:45:39,150 - DEBUG - 	nbr_predicted_svm: 41945
2015-12-07 12:45:39,150 - DEBUG - 	nbr_predicted: 41945
2015-12-07 12:45:39,150 - DEBUG - 	conf: 72.5380435441
2015-12-07 12:45:39,886 - DEBUG - 	nbr_predicted_svm: 41945
2015-12-07 12:45:39,886 - DEBUG - 	nbr_predicted: 41945
2015-12-07 12:45:39,886 - DEBUG - 	conf: 55.9662325767
2015-12-07 12:45:39,886 - DEBUG - Result: [0, 0, 0, 0, 0, 0, 1, 0, 0, 0, 0, 4, 0, 0, 0]
2015-12-07 12:45:39,887 - DEBUG - Result SVM : [0, 0, 0, 0, 0, 0, 0, 0, 0, 0, 0, 4, 0, 0, 1]
2015-12-07 12:45:39,887 - DEBUG - prof41945.sample1.mp4: Recognized professor ID: 41945 as per chi square
2015-12-07 12:45:39,887 - DEBUG - prof41945.sample1.mp4: Recognized professor ID: 41945 as per SVM
2015-12-07 12:45:39,887 - INFO - ********************* Complete *********************
2015-12-07 12:46:27,306 - INFO - Input Video: prof41945.sampl1.mp4
2015-12-07 12:46:27,306 - INFO - Input XML  : /home/praveen/imageprocessing/trainingSet/pesit_civil_training.xml
2015-12-07 12:46:27,306 - ERROR - No input video found
2015-12-07 12:46:27,306 - INFO - No professor Recognized. Faces Recognized: 1
2015-12-07 12:46:27,306 - INFO - ********************* Complete *********************
2015-12-08 12:03:25,053 - INFO - Input Video: prf.mp4
2015-12-08 12:03:25,054 - INFO - Input XML  : /home/praveen/imageprocessing/trainingSet/pesit_civil_training.xml
2015-12-08 12:03:25,054 - ERROR - No input video found
2015-12-08 12:03:25,054 - INFO - No professor Recognized. Faces Recognized: 0
2015-12-08 12:03:25,054 - INFO - ********************* Complete *********************
2015-12-17 13:03:17,655 - INFO - Input Video: prof41945.sample1.mp4
2015-12-17 13:04:02,437 - INFO - Input Video: prof41945.sample1.mp4
2015-12-17 13:04:02,437 - INFO - Input XML  : /home/praveen/imageprocessing/trainingSet/pesit_civil_training.xml
2015-12-17 13:04:04,559 - INFO - Index Tags for Prof IDs: ['16673', '23881', '16674', '23897', '16669', '41961', '41453', '273', '41455', '41454', '41458', '41945', '268', '41452', '275']
2015-12-17 13:04:08,796 - INFO - SampleImageSize: 300x300
2015-12-17 13:06:04,326 - DEBUG - 	nbr_predicted_svm: 275
2015-12-17 13:06:04,326 - DEBUG - 	nbr_predicted: 41453
2015-12-17 13:06:04,326 - DEBUG - 	conf: 87.1194936701
2015-12-17 13:06:05,061 - DEBUG - 	nbr_predicted_svm: 41945
2015-12-17 13:06:05,061 - DEBUG - 	nbr_predicted: 41945
2015-12-17 13:06:05,061 - DEBUG - 	conf: 77.4983886196
2015-12-17 13:06:05,810 - DEBUG - 	nbr_predicted_svm: 41945
2015-12-17 13:06:05,810 - DEBUG - 	nbr_predicted: 41945
2015-12-17 13:06:05,810 - DEBUG - 	conf: 73.1178800783
2015-12-17 13:06:06,566 - DEBUG - 	nbr_predicted_svm: 41945
2015-12-17 13:06:06,566 - DEBUG - 	nbr_predicted: 41945
2015-12-17 13:06:06,566 - DEBUG - 	conf: 72.5380435441
2015-12-17 13:06:07,335 - DEBUG - 	nbr_predicted_svm: 41945
2015-12-17 13:06:07,335 - DEBUG - 	nbr_predicted: 41945
2015-12-17 13:06:07,335 - DEBUG - 	conf: 55.9662325767
2015-12-17 13:06:07,758 - DEBUG - 	nbr_predicted_svm: 41945
2015-12-17 13:06:07,758 - DEBUG - 	nbr_predicted: 41945
2015-12-17 13:06:07,758 - DEBUG - 	conf: 55.2400673119
2015-12-17 13:06:07,758 - DEBUG - Result: [0, 0, 0, 0, 0, 0, 1, 0, 0, 0, 0, 5, 0, 0, 0]
2015-12-17 13:06:07,758 - DEBUG - Result SVM : [0, 0, 0, 0, 0, 0, 0, 0, 0, 0, 0, 5, 0, 0, 1]
2015-12-17 13:06:07,758 - DEBUG - prof41945.sample1.mp4: Recognized professor ID: 41945 as per chi square
2015-12-17 13:06:07,758 - DEBUG - prof41945.sample1.mp4: Recognized professor ID: 41945 as per SVM
2015-12-17 13:06:07,759 - INFO - ********************* Complete *********************
2016-03-07 15:48:03,423 - INFO - Input Video: prof41945.sample1.mp4
2016-03-07 15:48:03,424 - INFO - Input XML  : /home/praveen/Documents/Demo/imageprocessing/trainingSet/pesit_civil_training.xml
2016-03-07 15:48:13,517 - INFO - Input Video: prof41945.sample1.mp4
2016-03-07 15:48:13,518 - INFO - Input XML  : /home/praveen/Documents/Demo/imageprocessing/trainingSet/pesit_civil_training.xml
2016-03-07 19:38:52,679 - INFO - Input Video: prof41945.sample1.mp4
2016-03-07 19:38:52,733 - INFO - Input XML  : /home/praveen/Documents/imageprocessing/trainingSet/pesit_civil_training.xml
2016-03-07 19:38:54,550 - INFO - Index Tags for Prof IDs: ['16673', '23881', '16674', '23897', '16669', '41961', '41453', '273', '41455', '41454', '41458', '41945', '268', '41452', '275']
2016-03-07 19:38:58,358 - INFO - SampleImageSize: 300x300
2016-03-07 19:40:51,196 - DEBUG - 	nbr_predicted_svm: 275
2016-03-07 19:40:51,196 - DEBUG - 	nbr_predicted: 41453
2016-03-07 19:40:51,196 - DEBUG - 	conf: 87.1194936701
2016-03-07 19:40:52,058 - DEBUG - 	nbr_predicted_svm: 41945
2016-03-07 19:40:52,058 - DEBUG - 	nbr_predicted: 41945
2016-03-07 19:40:52,058 - DEBUG - 	conf: 77.4983886196
2016-03-07 19:40:52,839 - DEBUG - 	nbr_predicted_svm: 41945
2016-03-07 19:40:52,839 - DEBUG - 	nbr_predicted: 41945
2016-03-07 19:40:52,839 - DEBUG - 	conf: 73.1178800783
2016-03-07 19:40:53,641 - DEBUG - 	nbr_predicted_svm: 41945
2016-03-07 19:40:53,641 - DEBUG - 	nbr_predicted: 41945
2016-03-07 19:40:53,641 - DEBUG - 	conf: 72.5380435441
2016-03-07 19:40:54,489 - DEBUG - 	nbr_predicted_svm: 41945
2016-03-07 19:40:54,489 - DEBUG - 	nbr_predicted: 41945
2016-03-07 19:40:54,489 - DEBUG - 	conf: 55.9662325767
2016-03-07 19:40:54,925 - DEBUG - 	nbr_predicted_svm: 41945
2016-03-07 19:40:54,926 - DEBUG - 	nbr_predicted: 41945
2016-03-07 19:40:54,926 - DEBUG - 	conf: 55.2400673119
2016-03-07 19:40:54,926 - DEBUG - Result: [0, 0, 0, 0, 0, 0, 1, 0, 0, 0, 0, 5, 0, 0, 0]
2016-03-07 19:40:54,926 - DEBUG - Result SVM : [0, 0, 0, 0, 0, 0, 0, 0, 0, 0, 0, 5, 0, 0, 1]
2016-03-07 19:40:54,926 - DEBUG - prof41945.sample1.mp4: Recognized professor ID: 41945 as per chi square
2016-03-07 19:40:54,926 - DEBUG - prof41945.sample1.mp4: Recognized professor ID: 41945 as per SVM
2016-03-07 19:40:54,926 - INFO - ********************* Complete *********************
2016-03-08 01:09:08,664 - INFO - Input Video: prof4.sample5.mp4
2016-03-08 01:09:08,664 - INFO - Input XML  : /home/praveen/Documents/Demo/ProfessorIdentificaation/trainingSet/pesit_civil_training.xml
2016-03-08 01:09:10,554 - INFO - Index Tags for Prof IDs: ['16673', '23881', '16674', '23897', '16669', '41961', '41453', '273', '41455', '41454', '41458', '41945', '268', '41452', '275']
2016-03-08 01:09:14,194 - INFO - SampleImageSize: 300x300
2016-03-08 01:09:17,683 - DEBUG - 	nbr_predicted_svm: 23897
2016-03-08 01:09:17,683 - DEBUG - 	nbr_predicted: 23897
2016-03-08 01:09:17,683 - DEBUG - 	conf: 90.1783214887
2016-03-08 01:09:18,312 - DEBUG - 	nbr_predicted_svm: 23897
2016-03-08 01:09:18,312 - DEBUG - 	nbr_predicted: 23897
2016-03-08 01:09:18,313 - DEBUG - 	conf: 89.0297533271
2016-03-08 01:09:18,961 - DEBUG - 	nbr_predicted_svm: 23897
2016-03-08 01:09:18,961 - DEBUG - 	nbr_predicted: 23897
2016-03-08 01:09:18,961 - DEBUG - 	conf: 76.9986018892
2016-03-08 01:09:19,610 - DEBUG - 	nbr_predicted_svm: 23897
2016-03-08 01:09:19,611 - DEBUG - 	nbr_predicted: 23897
2016-03-08 01:09:19,611 - DEBUG - 	conf: 71.8244760398
2016-03-08 01:09:20,527 - DEBUG - 	nbr_predicted_svm: 23897
2016-03-08 01:09:20,527 - DEBUG - 	nbr_predicted: 23897
2016-03-08 01:09:20,527 - DEBUG - 	conf: 74.4136045347
2016-03-08 01:09:21,196 - DEBUG - 	nbr_predicted_svm: 23897
2016-03-08 01:09:21,197 - DEBUG - 	nbr_predicted: 23897
2016-03-08 01:09:21,197 - DEBUG - 	conf: 84.4088002038
2016-03-08 01:09:21,197 - DEBUG - Result: [0, 0, 0, 6, 0, 0, 0, 0, 0, 0, 0, 0, 0, 0, 0]
2016-03-08 01:09:21,197 - DEBUG - Result SVM : [0, 0, 0, 6, 0, 0, 0, 0, 0, 0, 0, 0, 0, 0, 0]
2016-03-08 01:09:21,197 - DEBUG - prof4.sample5.mp4: Recognized professor ID: 23897 as per chi square
2016-03-08 01:09:21,197 - DEBUG - prof4.sample5.mp4: Recognized professor ID: 23897 as per SVM
2016-03-08 01:09:21,197 - INFO - ********************* Complete *********************
2016-03-08 01:09:37,585 - INFO - Input Video: prof4.sample5.mp4
2016-03-08 01:09:37,585 - INFO - Input XML  : /home/praveen/Documents/Demo/ProfessorIdentificaation/trainingSet/pesit_civil_training.xml
2016-03-08 01:09:39,385 - INFO - Index Tags for Prof IDs: ['16673', '23881', '16674', '23897', '16669', '41961', '41453', '273', '41455', '41454', '41458', '41945', '268', '41452', '275']
2016-03-08 01:09:43,040 - INFO - SampleImageSize: 300x300
2016-03-08 01:09:46,571 - DEBUG - 	nbr_predicted_svm: 23897
2016-03-08 01:09:46,571 - DEBUG - 	nbr_predicted: 23897
2016-03-08 01:09:46,571 - DEBUG - 	conf: 90.1783214887
2016-03-08 01:09:47,212 - DEBUG - 	nbr_predicted_svm: 23897
2016-03-08 01:09:47,212 - DEBUG - 	nbr_predicted: 23897
2016-03-08 01:09:47,212 - DEBUG - 	conf: 89.0297533271
2016-03-08 01:09:47,864 - DEBUG - 	nbr_predicted_svm: 23897
2016-03-08 01:09:47,864 - DEBUG - 	nbr_predicted: 23897
2016-03-08 01:09:47,864 - DEBUG - 	conf: 76.9986018892
2016-03-08 01:09:48,523 - DEBUG - 	nbr_predicted_svm: 23897
2016-03-08 01:09:48,523 - DEBUG - 	nbr_predicted: 23897
2016-03-08 01:09:48,523 - DEBUG - 	conf: 71.8244760398
2016-03-08 01:09:49,454 - DEBUG - 	nbr_predicted_svm: 23897
2016-03-08 01:09:49,454 - DEBUG - 	nbr_predicted: 23897
2016-03-08 01:09:49,454 - DEBUG - 	conf: 74.4136045347
2016-03-08 01:09:50,144 - DEBUG - 	nbr_predicted_svm: 23897
2016-03-08 01:09:50,145 - DEBUG - 	nbr_predicted: 23897
2016-03-08 01:09:50,145 - DEBUG - 	conf: 84.4088002038
2016-03-08 01:09:50,145 - DEBUG - Result: [0, 0, 0, 6, 0, 0, 0, 0, 0, 0, 0, 0, 0, 0, 0]
2016-03-08 01:09:50,145 - DEBUG - Result SVM : [0, 0, 0, 6, 0, 0, 0, 0, 0, 0, 0, 0, 0, 0, 0]
2016-03-08 01:09:50,145 - DEBUG - prof4.sample5.mp4: Recognized professor ID: 23897 as per chi square
2016-03-08 01:09:50,145 - DEBUG - prof4.sample5.mp4: Recognized professor ID: 23897 as per SVM
2016-03-08 01:09:50,145 - INFO - ********************* Complete *********************
2016-03-08 01:10:04,156 - INFO - Input Video: prof4.sample5.mp4
2016-03-08 01:10:04,157 - INFO - Input XML  : /home/praveen/Documents/Demo/ProfessorIdentificaation/trainingSet/pesit_civil_training.xml
2016-03-08 01:10:05,938 - INFO - Index Tags for Prof IDs: ['16673', '23881', '16674', '23897', '16669', '41961', '41453', '273', '41455', '41454', '41458', '41945', '268', '41452', '275']
2016-03-08 01:10:09,562 - INFO - SampleImageSize: 300x300
2016-03-08 01:10:13,061 - DEBUG - 	nbr_predicted_svm: 23897
2016-03-08 01:10:13,061 - DEBUG - 	nbr_predicted: 23897
2016-03-08 01:10:13,061 - DEBUG - 	conf: 90.1783214887
2016-03-08 01:10:13,697 - DEBUG - 	nbr_predicted_svm: 23897
2016-03-08 01:10:13,697 - DEBUG - 	nbr_predicted: 23897
2016-03-08 01:10:13,697 - DEBUG - 	conf: 89.0297533271
2016-03-08 01:10:14,344 - DEBUG - 	nbr_predicted_svm: 23897
2016-03-08 01:10:14,344 - DEBUG - 	nbr_predicted: 23897
2016-03-08 01:10:14,345 - DEBUG - 	conf: 76.9986018892
2016-03-08 01:10:14,991 - DEBUG - 	nbr_predicted_svm: 23897
2016-03-08 01:10:14,991 - DEBUG - 	nbr_predicted: 23897
2016-03-08 01:10:14,991 - DEBUG - 	conf: 71.8244760398
2016-03-08 01:10:15,915 - DEBUG - 	nbr_predicted_svm: 23897
2016-03-08 01:10:15,915 - DEBUG - 	nbr_predicted: 23897
2016-03-08 01:10:15,915 - DEBUG - 	conf: 74.4136045347
2016-03-08 01:10:16,600 - DEBUG - 	nbr_predicted_svm: 23897
2016-03-08 01:10:16,600 - DEBUG - 	nbr_predicted: 23897
2016-03-08 01:10:16,600 - DEBUG - 	conf: 84.4088002038
2016-03-08 01:10:16,600 - DEBUG - Result: [0, 0, 0, 6, 0, 0, 0, 0, 0, 0, 0, 0, 0, 0, 0]
2016-03-08 01:10:16,600 - DEBUG - Result SVM : [0, 0, 0, 6, 0, 0, 0, 0, 0, 0, 0, 0, 0, 0, 0]
2016-03-08 01:10:16,600 - DEBUG - prof4.sample5.mp4: Recognized professor ID: 23897 as per chi square
2016-03-08 01:10:16,600 - DEBUG - prof4.sample5.mp4: Recognized professor ID: 23897 as per SVM
2016-03-08 01:10:16,600 - INFO - ********************* Complete *********************
2016-03-08 01:13:42,808 - INFO - Input Video: prof4.sample5.mp4
2016-03-08 01:13:42,808 - INFO - Input XML  : /home/praveen/Documents/Demo/ProfessorIdentificaation/trainingSet/pesit_civil_training.xml
2016-03-08 01:13:44,590 - INFO - Index Tags for Prof IDs: ['16673', '23881', '16674', '23897', '16669', '41961', '41453', '273', '41455', '41454', '41458', '41945', '268', '41452', '275']
2016-03-08 01:13:48,206 - INFO - SampleImageSize: 300x300
2016-03-08 01:13:51,693 - DEBUG - 	nbr_predicted_svm: 23897
2016-03-08 01:13:51,693 - DEBUG - 	nbr_predicted: 23897
2016-03-08 01:13:51,693 - DEBUG - 	conf: 90.1783214887
2016-03-08 01:13:52,331 - DEBUG - 	nbr_predicted_svm: 23897
2016-03-08 01:13:52,331 - DEBUG - 	nbr_predicted: 23897
2016-03-08 01:13:52,331 - DEBUG - 	conf: 89.0297533271
2016-03-08 01:13:52,980 - DEBUG - 	nbr_predicted_svm: 23897
2016-03-08 01:13:52,980 - DEBUG - 	nbr_predicted: 23897
2016-03-08 01:13:52,980 - DEBUG - 	conf: 76.9986018892
2016-03-08 01:13:53,627 - DEBUG - 	nbr_predicted_svm: 23897
2016-03-08 01:13:53,627 - DEBUG - 	nbr_predicted: 23897
2016-03-08 01:13:53,627 - DEBUG - 	conf: 71.8244760398
2016-03-08 01:13:54,547 - DEBUG - 	nbr_predicted_svm: 23897
2016-03-08 01:13:54,548 - DEBUG - 	nbr_predicted: 23897
2016-03-08 01:13:54,548 - DEBUG - 	conf: 74.4136045347
2016-03-08 01:13:55,230 - DEBUG - 	nbr_predicted_svm: 23897
2016-03-08 01:13:55,230 - DEBUG - 	nbr_predicted: 23897
2016-03-08 01:13:55,231 - DEBUG - 	conf: 84.4088002038
2016-03-08 01:13:55,231 - DEBUG - Result: [0, 0, 0, 6, 0, 0, 0, 0, 0, 0, 0, 0, 0, 0, 0]
2016-03-08 01:13:55,231 - DEBUG - Result SVM : [0, 0, 0, 6, 0, 0, 0, 0, 0, 0, 0, 0, 0, 0, 0]
2016-03-08 01:13:55,231 - DEBUG - prof4.sample5.mp4: Recognized professor ID: 23897 as per chi square
2016-03-08 01:13:55,231 - DEBUG - prof4.sample5.mp4: Recognized professor ID: 23897 as per SVM
2016-03-08 01:13:55,231 - INFO - ********************* Complete *********************
2016-03-08 01:14:16,184 - INFO - Input Video: prof4.sample5.mp4
2016-03-08 01:14:16,184 - INFO - Input XML  : /home/praveen/Documents/Demo/ProfessorIdentificaation/trainingSet/pesit_civil_training.xml
2016-03-08 01:14:17,965 - INFO - Index Tags for Prof IDs: ['16673', '23881', '16674', '23897', '16669', '41961', '41453', '273', '41455', '41454', '41458', '41945', '268', '41452', '275']
2016-03-08 01:14:21,588 - INFO - SampleImageSize: 300x300
2016-03-08 01:14:25,074 - DEBUG - 	nbr_predicted_svm: 23897
2016-03-08 01:14:25,075 - DEBUG - 	nbr_predicted: 23897
2016-03-08 01:14:25,075 - DEBUG - 	conf: 90.1783214887
2016-03-08 01:14:25,707 - DEBUG - 	nbr_predicted_svm: 23897
2016-03-08 01:14:25,707 - DEBUG - 	nbr_predicted: 23897
2016-03-08 01:14:25,707 - DEBUG - 	conf: 89.0297533271
2016-03-08 01:14:26,353 - DEBUG - 	nbr_predicted_svm: 23897
2016-03-08 01:14:26,353 - DEBUG - 	nbr_predicted: 23897
2016-03-08 01:14:26,353 - DEBUG - 	conf: 76.9986018892
2016-03-08 01:14:27,001 - DEBUG - 	nbr_predicted_svm: 23897
2016-03-08 01:14:27,001 - DEBUG - 	nbr_predicted: 23897
2016-03-08 01:14:27,001 - DEBUG - 	conf: 71.8244760398
2016-03-08 01:14:27,926 - DEBUG - 	nbr_predicted_svm: 23897
2016-03-08 01:14:27,926 - DEBUG - 	nbr_predicted: 23897
2016-03-08 01:14:27,926 - DEBUG - 	conf: 74.4136045347
2016-03-08 01:14:28,610 - DEBUG - 	nbr_predicted_svm: 23897
2016-03-08 01:14:28,611 - DEBUG - 	nbr_predicted: 23897
2016-03-08 01:14:28,611 - DEBUG - 	conf: 84.4088002038
2016-03-08 01:14:28,611 - DEBUG - Result: [0, 0, 0, 6, 0, 0, 0, 0, 0, 0, 0, 0, 0, 0, 0]
2016-03-08 01:14:28,611 - DEBUG - Result SVM : [0, 0, 0, 6, 0, 0, 0, 0, 0, 0, 0, 0, 0, 0, 0]
2016-03-08 01:14:28,611 - DEBUG - prof4.sample5.mp4: Recognized professor ID: 23897 as per chi square
2016-03-08 01:14:28,611 - DEBUG - prof4.sample5.mp4: Recognized professor ID: 23897 as per SVM
2016-03-08 01:14:28,611 - INFO - ********************* Complete *********************
2016-03-08 01:15:01,621 - INFO - Input Video: prof4.sample5.mp4
2016-03-08 01:15:01,621 - INFO - Input XML  : /home/praveen/Documents/Demo/ProfessorIdentificaation/trainingSet/pesit_civil_training.xml
2016-03-08 01:15:03,425 - INFO - Index Tags for Prof IDs: ['16673', '23881', '16674', '23897', '16669', '41961', '41453', '273', '41455', '41454', '41458', '41945', '268', '41452', '275']
2016-03-08 01:15:07,027 - INFO - SampleImageSize: 300x300
2016-03-08 01:15:10,498 - DEBUG - 	nbr_predicted_svm: 23897
2016-03-08 01:15:10,498 - DEBUG - 	nbr_predicted: 23897
2016-03-08 01:15:10,498 - DEBUG - 	conf: 90.1783214887
2016-03-08 01:15:11,132 - DEBUG - 	nbr_predicted_svm: 23897
2016-03-08 01:15:11,132 - DEBUG - 	nbr_predicted: 23897
2016-03-08 01:15:11,132 - DEBUG - 	conf: 89.0297533271
2016-03-08 01:15:11,774 - DEBUG - 	nbr_predicted_svm: 23897
2016-03-08 01:15:11,774 - DEBUG - 	nbr_predicted: 23897
2016-03-08 01:15:11,774 - DEBUG - 	conf: 76.9986018892
2016-03-08 01:15:12,421 - DEBUG - 	nbr_predicted_svm: 23897
2016-03-08 01:15:12,421 - DEBUG - 	nbr_predicted: 23897
2016-03-08 01:15:12,421 - DEBUG - 	conf: 71.8244760398
2016-03-08 01:15:13,339 - DEBUG - 	nbr_predicted_svm: 23897
2016-03-08 01:15:13,340 - DEBUG - 	nbr_predicted: 23897
2016-03-08 01:15:13,340 - DEBUG - 	conf: 74.4136045347
2016-03-08 01:15:14,016 - DEBUG - 	nbr_predicted_svm: 23897
2016-03-08 01:15:14,016 - DEBUG - 	nbr_predicted: 23897
2016-03-08 01:15:14,016 - DEBUG - 	conf: 84.4088002038
2016-03-08 01:15:14,016 - DEBUG - Result: [0, 0, 0, 6, 0, 0, 0, 0, 0, 0, 0, 0, 0, 0, 0]
2016-03-08 01:15:14,016 - DEBUG - Result SVM : [0, 0, 0, 6, 0, 0, 0, 0, 0, 0, 0, 0, 0, 0, 0]
2016-03-08 01:15:14,016 - DEBUG - prof4.sample5.mp4: Recognized professor ID: 23897 as per chi square
2016-03-08 01:15:14,016 - DEBUG - prof4.sample5.mp4: Recognized professor ID: 23897 as per SVM
2016-03-08 01:15:14,016 - INFO - ********************* Complete *********************
2016-03-08 01:15:58,655 - INFO - Input Video: prof4.sample5.mp4
2016-03-08 01:15:58,655 - INFO - Input XML  : /home/praveen/Documents/Demo/ProfessorIdentificaation/trainingSet/pesit_civil_training.xml
2016-03-08 01:16:00,480 - INFO - Index Tags for Prof IDs: ['16673', '23881', '16674', '23897', '16669', '41961', '41453', '273', '41455', '41454', '41458', '41945', '268', '41452', '275']
2016-03-08 01:16:04,113 - INFO - SampleImageSize: 300x300
2016-03-08 01:16:07,639 - DEBUG - 	nbr_predicted_svm: 23897
2016-03-08 01:16:07,639 - DEBUG - 	nbr_predicted: 23897
2016-03-08 01:16:07,639 - DEBUG - 	conf: 90.1783214887
2016-03-08 01:16:08,276 - DEBUG - 	nbr_predicted_svm: 23897
2016-03-08 01:16:08,276 - DEBUG - 	nbr_predicted: 23897
2016-03-08 01:16:08,276 - DEBUG - 	conf: 89.0297533271
2016-03-08 01:16:08,926 - DEBUG - 	nbr_predicted_svm: 23897
2016-03-08 01:16:08,926 - DEBUG - 	nbr_predicted: 23897
2016-03-08 01:16:08,926 - DEBUG - 	conf: 76.9986018892
2016-03-08 01:16:09,578 - DEBUG - 	nbr_predicted_svm: 23897
2016-03-08 01:16:09,579 - DEBUG - 	nbr_predicted: 23897
2016-03-08 01:16:09,579 - DEBUG - 	conf: 71.8244760398
2016-03-08 01:16:10,500 - DEBUG - 	nbr_predicted_svm: 23897
2016-03-08 01:16:10,500 - DEBUG - 	nbr_predicted: 23897
2016-03-08 01:16:10,500 - DEBUG - 	conf: 74.4136045347
2016-03-08 01:16:11,196 - DEBUG - 	nbr_predicted_svm: 23897
2016-03-08 01:16:11,196 - DEBUG - 	nbr_predicted: 23897
2016-03-08 01:16:11,196 - DEBUG - 	conf: 84.4088002038
2016-03-08 01:16:11,196 - DEBUG - Result: [0, 0, 0, 6, 0, 0, 0, 0, 0, 0, 0, 0, 0, 0, 0]
2016-03-08 01:16:11,196 - DEBUG - Result SVM : [0, 0, 0, 6, 0, 0, 0, 0, 0, 0, 0, 0, 0, 0, 0]
2016-03-08 01:16:11,196 - DEBUG - prof4.sample5.mp4: Recognized professor ID: 23897 as per chi square
2016-03-08 01:16:11,196 - DEBUG - prof4.sample5.mp4: Recognized professor ID: 23897 as per SVM
2016-03-08 01:16:11,196 - INFO - ********************* Complete *********************
2016-03-08 01:16:32,969 - INFO - Input Video: prof4.sample5.mp4
2016-03-08 01:16:32,969 - INFO - Input XML  : /home/praveen/Documents/Demo/ProfessorIdentificaation/trainingSet/pesit_civil_training.xml
2016-03-08 01:20:18,841 - INFO - Input Video: prof4.sample5.mp4
2016-03-08 01:20:18,841 - INFO - Input XML  : /home/praveen/Documents/Demo/ProfessorIdentificaation/trainingSet/pesit_civil_training.xml
2016-03-08 01:20:20,623 - INFO - Index Tags for Prof IDs: ['16673', '23881', '16674', '23897', '16669', '41961', '41453', '273', '41455', '41454', '41458', '41945', '268', '41452', '275']
2016-03-08 01:20:24,283 - INFO - SampleImageSize: 300x300
2016-03-08 01:20:27,757 - DEBUG - 	nbr_predicted_svm: 23897
2016-03-08 01:20:27,758 - DEBUG - 	nbr_predicted: 23897
2016-03-08 01:20:27,758 - DEBUG - 	conf: 90.1783214887
2016-03-08 01:20:28,388 - DEBUG - 	nbr_predicted_svm: 23897
2016-03-08 01:20:28,388 - DEBUG - 	nbr_predicted: 23897
2016-03-08 01:20:28,388 - DEBUG - 	conf: 89.0297533271
2016-03-08 01:20:29,041 - DEBUG - 	nbr_predicted_svm: 23897
2016-03-08 01:20:29,041 - DEBUG - 	nbr_predicted: 23897
2016-03-08 01:20:29,041 - DEBUG - 	conf: 76.9986018892
2016-03-08 01:20:29,690 - DEBUG - 	nbr_predicted_svm: 23897
2016-03-08 01:20:29,690 - DEBUG - 	nbr_predicted: 23897
2016-03-08 01:20:29,690 - DEBUG - 	conf: 71.8244760398
2016-03-08 01:20:30,621 - DEBUG - 	nbr_predicted_svm: 23897
2016-03-08 01:20:30,621 - DEBUG - 	nbr_predicted: 23897
2016-03-08 01:20:30,621 - DEBUG - 	conf: 74.4136045347
2016-03-08 01:20:31,312 - DEBUG - 	nbr_predicted_svm: 23897
2016-03-08 01:20:31,312 - DEBUG - 	nbr_predicted: 23897
2016-03-08 01:20:31,312 - DEBUG - 	conf: 84.4088002038
2016-03-08 01:20:31,312 - DEBUG - Result: [0, 0, 0, 6, 0, 0, 0, 0, 0, 0, 0, 0, 0, 0, 0]
2016-03-08 01:20:31,312 - DEBUG - Result SVM : [0, 0, 0, 6, 0, 0, 0, 0, 0, 0, 0, 0, 0, 0, 0]
2016-03-08 01:20:31,312 - DEBUG - prof4.sample5.mp4: Recognized professor ID: 23897 as per chi square
2016-03-08 01:20:31,312 - DEBUG - prof4.sample5.mp4: Recognized professor ID: 23897 as per SVM
2016-03-08 01:20:31,312 - INFO - ********************* Complete *********************
2016-03-08 01:21:34,243 - INFO - Input Video: prof4.sample5.mp4
2016-03-08 01:21:34,243 - INFO - Input XML  : /home/praveen/Documents/Demo/ProfessorIdentificaation/trainingSet/pesit_civil_training.xml
2016-03-08 01:21:36,025 - INFO - Index Tags for Prof IDs: ['16673', '23881', '16674', '23897', '16669', '41961', '41453', '273', '41455', '41454', '41458', '41945', '268', '41452', '275']
2016-03-08 01:21:39,638 - INFO - SampleImageSize: 300x300
2016-03-08 01:21:43,151 - DEBUG - 	nbr_predicted_svm: 23897
2016-03-08 01:21:43,151 - DEBUG - 	nbr_predicted: 23897
2016-03-08 01:21:43,151 - DEBUG - 	conf: 90.1783214887
2016-03-08 01:21:43,789 - DEBUG - 	nbr_predicted_svm: 23897
2016-03-08 01:21:43,789 - DEBUG - 	nbr_predicted: 23897
2016-03-08 01:21:43,790 - DEBUG - 	conf: 89.0297533271
2016-03-08 01:21:44,438 - DEBUG - 	nbr_predicted_svm: 23897
2016-03-08 01:21:44,438 - DEBUG - 	nbr_predicted: 23897
2016-03-08 01:21:44,438 - DEBUG - 	conf: 76.9986018892
2016-03-08 01:21:45,083 - DEBUG - 	nbr_predicted_svm: 23897
2016-03-08 01:21:45,083 - DEBUG - 	nbr_predicted: 23897
2016-03-08 01:21:45,083 - DEBUG - 	conf: 71.8244760398
2016-03-08 01:21:46,018 - DEBUG - 	nbr_predicted_svm: 23897
2016-03-08 01:21:46,018 - DEBUG - 	nbr_predicted: 23897
2016-03-08 01:21:46,019 - DEBUG - 	conf: 74.4136045347
2016-03-08 01:21:46,719 - DEBUG - 	nbr_predicted_svm: 23897
2016-03-08 01:21:46,719 - DEBUG - 	nbr_predicted: 23897
2016-03-08 01:21:46,720 - DEBUG - 	conf: 84.4088002038
2016-03-08 01:21:46,720 - DEBUG - Result: [0, 0, 0, 6, 0, 0, 0, 0, 0, 0, 0, 0, 0, 0, 0]
2016-03-08 01:21:46,720 - DEBUG - Result SVM : [0, 0, 0, 6, 0, 0, 0, 0, 0, 0, 0, 0, 0, 0, 0]
2016-03-08 01:21:46,720 - DEBUG - prof4.sample5.mp4: Recognized professor ID: 23897 as per chi square
2016-03-08 01:21:46,720 - DEBUG - prof4.sample5.mp4: Recognized professor ID: 23897 as per SVM
2016-03-08 01:21:46,720 - INFO - ********************* Complete *********************
2016-03-08 01:22:11,956 - INFO - Input Video: prof4.sample5.mp4
2016-03-08 01:22:11,956 - INFO - Input XML  : /home/praveen/Documents/Demo/ProfessorIdentificaation/trainingSet/pesit_civil_training.xml
2016-03-08 01:22:13,737 - INFO - Index Tags for Prof IDs: ['16673', '23881', '16674', '23897', '16669', '41961', '41453', '273', '41455', '41454', '41458', '41945', '268', '41452', '275']
2016-03-08 01:22:17,506 - INFO - SampleImageSize: 300x300
2016-03-08 01:22:21,018 - DEBUG - 	nbr_predicted_svm: 23897
2016-03-08 01:22:21,019 - DEBUG - 	nbr_predicted: 23897
2016-03-08 01:22:21,019 - DEBUG - 	conf: 90.1783214887
2016-03-08 01:22:21,653 - DEBUG - 	nbr_predicted_svm: 23897
2016-03-08 01:22:21,653 - DEBUG - 	nbr_predicted: 23897
2016-03-08 01:22:21,653 - DEBUG - 	conf: 89.0297533271
2016-03-08 01:22:22,300 - DEBUG - 	nbr_predicted_svm: 23897
2016-03-08 01:22:22,300 - DEBUG - 	nbr_predicted: 23897
2016-03-08 01:22:22,301 - DEBUG - 	conf: 76.9986018892
2016-03-08 01:22:22,954 - DEBUG - 	nbr_predicted_svm: 23897
2016-03-08 01:22:22,954 - DEBUG - 	nbr_predicted: 23897
2016-03-08 01:22:22,954 - DEBUG - 	conf: 71.8244760398
2016-03-08 01:22:23,883 - DEBUG - 	nbr_predicted_svm: 23897
2016-03-08 01:22:23,883 - DEBUG - 	nbr_predicted: 23897
2016-03-08 01:22:23,883 - DEBUG - 	conf: 74.4136045347
2016-03-08 01:22:24,565 - DEBUG - 	nbr_predicted_svm: 23897
2016-03-08 01:22:24,565 - DEBUG - 	nbr_predicted: 23897
2016-03-08 01:22:24,566 - DEBUG - 	conf: 84.4088002038
2016-03-08 01:22:24,566 - DEBUG - Result: [0, 0, 0, 6, 0, 0, 0, 0, 0, 0, 0, 0, 0, 0, 0]
2016-03-08 01:22:24,566 - DEBUG - Result SVM : [0, 0, 0, 6, 0, 0, 0, 0, 0, 0, 0, 0, 0, 0, 0]
2016-03-08 01:22:24,566 - DEBUG - prof4.sample5.mp4: Recognized professor ID: 23897 as per chi square
2016-03-08 01:22:24,566 - DEBUG - prof4.sample5.mp4: Recognized professor ID: 23897 as per SVM
2016-03-08 01:22:24,566 - INFO - ********************* Complete *********************
2016-03-08 12:01:40,083 - INFO - Input Video: prof4.sample5.mp4
2016-03-08 12:01:40,083 - INFO - Input XML  : /home/praveen/Documents/Demo/ProfessorIdentificaation/trainingSet/pesit_civil_training.xml
2016-03-08 12:01:42,009 - INFO - Index Tags for Prof IDs: ['16673', '23881', '16674', '23897', '16669', '41961', '41453', '273', '41455', '41454', '41458', '41945', '268', '41452', '275']
2016-03-08 12:01:48,866 - INFO - SampleImageSize: 300x300
2016-03-08 12:01:52,679 - DEBUG - 	nbr_predicted_svm: 23897
2016-03-08 12:01:52,679 - DEBUG - 	nbr_predicted: 23897
2016-03-08 12:01:52,679 - DEBUG - 	conf: 90.1783214887
2016-03-08 12:01:53,330 - DEBUG - 	nbr_predicted_svm: 23897
2016-03-08 12:01:53,330 - DEBUG - 	nbr_predicted: 23897
2016-03-08 12:01:53,330 - DEBUG - 	conf: 89.0297533271
2016-03-08 12:01:53,970 - DEBUG - 	nbr_predicted_svm: 23897
2016-03-08 12:01:53,970 - DEBUG - 	nbr_predicted: 23897
2016-03-08 12:01:53,970 - DEBUG - 	conf: 76.9986018892
2016-03-08 12:01:54,618 - DEBUG - 	nbr_predicted_svm: 23897
2016-03-08 12:01:54,618 - DEBUG - 	nbr_predicted: 23897
2016-03-08 12:01:54,618 - DEBUG - 	conf: 71.8244760398
2016-03-08 12:01:55,543 - DEBUG - 	nbr_predicted_svm: 23897
2016-03-08 12:01:55,543 - DEBUG - 	nbr_predicted: 23897
2016-03-08 12:01:55,543 - DEBUG - 	conf: 74.4136045347
2016-03-08 12:01:56,221 - DEBUG - 	nbr_predicted_svm: 23897
2016-03-08 12:01:56,221 - DEBUG - 	nbr_predicted: 23897
2016-03-08 12:01:56,221 - DEBUG - 	conf: 84.4088002038
2016-03-08 12:01:56,221 - DEBUG - Result: [0, 0, 0, 6, 0, 0, 0, 0, 0, 0, 0, 0, 0, 0, 0]
2016-03-08 12:01:56,221 - DEBUG - Result SVM : [0, 0, 0, 6, 0, 0, 0, 0, 0, 0, 0, 0, 0, 0, 0]
2016-03-08 12:01:56,221 - DEBUG - prof4.sample5.mp4: Recognized professor ID: 23897 as per chi square
2016-03-08 12:01:56,222 - DEBUG - prof4.sample5.mp4: Recognized professor ID: 23897 as per SVM
2016-03-08 12:01:56,222 - INFO - ********************* Complete *********************
2016-03-08 12:03:56,546 - INFO - Input Video: prof6.sample5.mp4
2016-03-08 12:03:56,547 - INFO - Input XML  : /home/praveen/Documents/Demo/ProfessorIdentificaation/trainingSet/pesit_civil_training.xml
2016-03-08 12:03:58,343 - INFO - Index Tags for Prof IDs: ['16673', '23881', '16674', '23897', '16669', '41961', '41453', '273', '41455', '41454', '41458', '41945', '268', '41452', '275']
2016-03-08 12:04:02,039 - INFO - SampleImageSize: 300x300
2016-03-08 12:04:04,205 - DEBUG - 	nbr_predicted_svm: 273
2016-03-08 12:04:04,206 - DEBUG - 	nbr_predicted: 273
2016-03-08 12:04:04,206 - DEBUG - 	conf: 71.4795326942
2016-03-08 12:04:04,857 - DEBUG - 	nbr_predicted_svm: 23897
2016-03-08 12:04:04,857 - DEBUG - 	nbr_predicted: 23897
2016-03-08 12:04:04,857 - DEBUG - 	conf: 79.0831551469
2016-03-08 12:04:05,512 - DEBUG - 	nbr_predicted_svm: 23897
2016-03-08 12:04:05,512 - DEBUG - 	nbr_predicted: 23897
2016-03-08 12:04:05,513 - DEBUG - 	conf: 73.2524308121
2016-03-08 12:04:06,191 - DEBUG - 	nbr_predicted_svm: 273
2016-03-08 12:04:06,191 - DEBUG - 	nbr_predicted: 273
2016-03-08 12:04:06,191 - DEBUG - 	conf: 82.050322668
2016-03-08 12:04:08,281 - DEBUG - 	nbr_predicted_svm: 273
2016-03-08 12:04:08,281 - DEBUG - 	nbr_predicted: 273
2016-03-08 12:04:08,281 - DEBUG - 	conf: 75.3056621369
2016-03-08 12:04:08,986 - DEBUG - 	nbr_predicted_svm: 273
2016-03-08 12:04:08,986 - DEBUG - 	nbr_predicted: 273
2016-03-08 12:04:08,986 - DEBUG - 	conf: 70.8479780975
2016-03-08 12:04:08,986 - DEBUG - Result: [0, 0, 0, 2, 0, 0, 0, 4, 0, 0, 0, 0, 0, 0, 0]
2016-03-08 12:04:08,986 - DEBUG - Result SVM : [0, 0, 0, 2, 0, 0, 0, 4, 0, 0, 0, 0, 0, 0, 0]
2016-03-08 12:04:08,986 - DEBUG - prof6.sample5.mp4: Recognized professor ID: 273 as per chi square
2016-03-08 12:04:08,986 - DEBUG - prof6.sample5.mp4: Recognized professor ID: 273 as per SVM
2016-03-08 12:04:08,987 - INFO - ********************* Complete *********************
